e:\引擎学习-3d游戏编程大师技巧\my3dgameengine\wireframeengine\wireframeengine\debug\vc141.pdb
e:\引擎学习-3d游戏编程大师技巧\my3dgameengine\wireframeengine\wireframeengine\debug\vc141.idb
e:\引擎学习-3d游戏编程大师技巧\my3dgameengine\wireframeengine\wireframeengine\debug\t3dlib4.obj
e:\引擎学习-3d游戏编程大师技巧\my3dgameengine\wireframeengine\wireframeengine\debug\t3dlib2.obj
e:\引擎学习-3d游戏编程大师技巧\my3dgameengine\wireframeengine\wireframeengine\debug\t3dlib1.obj
e:\引擎学习-3d游戏编程大师技巧\my3dgameengine\wireframeengine\wireframeengine\debug\enginemain - 副本.obj
e:\引擎学习-3d游戏编程大师技巧\my3dgameengine\wireframeengine\wireframeengine\debug\camera.obj
e:\引擎学习-3d游戏编程大师技巧\my3dgameengine\wireframeengine\wireframeengine\debug\mvptrans.obj
e:\引擎学习-3d游戏编程大师技巧\my3dgameengine\wireframeengine\wireframeengine\debug\math.obj
e:\引擎学习-3d游戏编程大师技巧\my3dgameengine\wireframeengine\wireframeengine\debug\input.obj
e:\引擎学习-3d游戏编程大师技巧\my3dgameengine\wireframeengine\wireframeengine\debug\enginemain.obj
e:\引擎学习-3d游戏编程大师技巧\my3dgameengine\wireframeengine\wireframeengine\debug\enginemain_box.obj
e:\引擎学习-3d游戏编程大师技巧\my3dgameengine\wireframeengine\wireframeengine\debug\enginemain_tank.obj
e:\引擎学习-3d游戏编程大师技巧\my3dgameengine\wireframeengine\debug\wireframeengine.exe
e:\引擎学习-3d游戏编程大师技巧\my3dgameengine\wireframeengine\debug\wireframeengine.ilk
e:\引擎学习-3d游戏编程大师技巧\my3dgameengine\wireframeengine\debug\wireframeengine.pdb
e:\引擎学习-3d游戏编程大师技巧\my3dgameengine\wireframeengine\wireframeengine\debug\wireframeengine.tlog\cl.command.1.tlog
e:\引擎学习-3d游戏编程大师技巧\my3dgameengine\wireframeengine\wireframeengine\debug\wireframeengine.tlog\cl.read.1.tlog
e:\引擎学习-3d游戏编程大师技巧\my3dgameengine\wireframeengine\wireframeengine\debug\wireframeengine.tlog\cl.write.1.tlog
e:\引擎学习-3d游戏编程大师技巧\my3dgameengine\wireframeengine\wireframeengine\debug\wireframeengine.tlog\link.command.1.tlog
e:\引擎学习-3d游戏编程大师技巧\my3dgameengine\wireframeengine\wireframeengine\debug\wireframeengine.tlog\link.read.1.tlog
e:\引擎学习-3d游戏编程大师技巧\my3dgameengine\wireframeengine\wireframeengine\debug\wireframeengine.tlog\link.write.1.tlog
